TN:
SF:script/CheckDeployedFixes.s.sol
DA:29,0
FN:29,CheckDeployedFixes.run
FNDA:0,CheckDeployedFixes.run
DA:30,0
DA:31,0
DA:32,0
BRDA:32,0,0,-
BRDA:32,0,1,-
DA:33,0
DA:34,0
DA:36,0
DA:37,0
DA:38,0
DA:39,0
DA:41,0
DA:42,0
BRDA:42,1,0,-
DA:43,0
DA:44,0
DA:46,0
DA:49,0
FN:49,CheckDeployedFixes._report
FNDA:0,CheckDeployedFixes._report
DA:50,0
BRDA:50,2,0,-
DA:51,0
DA:54,0
FN:54,CheckDeployedFixes._revertReason
FNDA:0,CheckDeployedFixes._revertReason
DA:55,0
DA:56,0
DA:57,0
DA:58,0
DA:60,0
DA:67,0
FN:67,CheckDeployedFixes._timelockCannotBeRepointedByTheOwner
FNDA:0,CheckDeployedFixes._timelockCannotBeRepointedByTheOwner
DA:68,0
DA:69,0
DA:70,0
DA:72,0
DA:73,0
DA:74,0
DA:75,0
DA:77,0
DA:78,0
DA:79,0
DA:95,0
FN:95,CheckDeployedFixes._futureDatedRoundsReportRatherThanRevert
FNDA:0,CheckDeployedFixes._futureDatedRoundsReportRatherThanRevert
DA:96,0
DA:97,0
DA:100,0
DA:101,0
DA:102,0
DA:103,0
DA:104,0
DA:105,0
DA:106,0
DA:107,0
DA:108,0
DA:111,0
DA:112,0
DA:113,0
DA:114,0
DA:115,0
DA:116,0
DA:118,0
DA:119,0
DA:120,0
DA:142,0
FN:142,CheckDeployedFixes._activePartnership
FNDA:0,CheckDeployedFixes._activePartnership
DA:143,0
DA:144,0
DA:145,0
DA:148,0
DA:149,0
DA:150,0
DA:151,0
DA:152,0
DA:153,0
DA:154,0
DA:155,0
DA:156,0
DA:157,0
DA:160,0
FN:160,CheckDeployedFixes._pastReportingDeadline
FNDA:0,CheckDeployedFixes._pastReportingDeadline
DA:161,0
DA:162,0
DA:165,0
FN:165,CheckDeployedFixes._returnedCapitalIsNotADefault
FNDA:0,CheckDeployedFixes._returnedCapitalIsNotADefault
DA:166,0
DA:167,0
DA:168,0
DA:171,0
DA:172,0
DA:173,0
DA:175,0
DA:176,0
DA:177,0
DA:179,0
DA:186,0
FN:186,CheckDeployedFixes._anEmptyClaimIsNotSpent
FNDA:0,CheckDeployedFixes._anEmptyClaimIsNotSpent
DA:187,0
DA:188,0
DA:189,0
DA:190,0
DA:191,0
DA:194,0
DA:195,0
DA:196,0
DA:197,0
DA:198,0
DA:201,0
DA:202,0
DA:203,0
DA:204,0
DA:205,0
DA:206,0
DA:207,0
DA:209,0
FNF:9
FNH:0
LF:103
LH:0
BRF:4
BRH:0
end_of_record
TN:
SF:script/Deploy.s.sol
DA:13,0
FN:13,Deploy.run
FNDA:0,Deploy.run
DA:14,0
DA:25,0
BRDA:25,0,0,-
BRDA:25,0,1,-
DA:27,0
DA:29,0
DA:30,0
DA:31,0
DA:32,0
DA:34,0
DA:35,0
DA:36,0
DA:37,0
DA:43,0
DA:44,0
DA:45,0
DA:54,0
DA:55,0
DA:56,0
DA:59,0
DA:63,0
DA:72,0
DA:73,0
BRDA:73,1,0,-
DA:74,0
DA:75,0
DA:76,0
DA:77,0
DA:78,0
DA:79,0
DA:80,0
DA:81,0
DA:82,0
DA:86,0
DA:87,0
DA:88,0
DA:89,0
DA:103,0
DA:105,0
DA:106,0
DA:111,0
DA:112,0
BRDA:112,2,0,-
DA:113,0
DA:114,0
DA:120,0
DA:121,0
BRDA:121,3,0,-
DA:123,0
DA:124,0
DA:125,0
DA:126,0
DA:127,0
DA:128,0
DA:129,0
DA:131,0
DA:132,0
DA:135,0
DA:141,0
DA:142,0
DA:145,0
BRDA:145,4,0,-
DA:146,0
BRDA:146,5,0,-
BRDA:146,5,1,-
DA:148,0
DA:149,0
BRDA:149,6,0,-
DA:150,0
BRDA:150,7,0,-
BRDA:150,7,1,-
DA:151,0
DA:152,0
DA:153,0
DA:154,0
DA:155,0
DA:156,0
DA:157,0
DA:160,0
DA:162,0
DA:163,0
DA:164,0
DA:165,0
DA:166,0
DA:167,0
DA:168,0
DA:169,0
DA:170,0
DA:171,0
DA:172,0
DA:173,0
DA:178,0
FN:178,Deploy._wireSequencerFeed
FNDA:0,Deploy._wireSequencerFeed
DA:179,0
DA:180,0
DA:181,0
DA:182,0
BRDA:182,9,0,-
BRDA:182,9,1,-
DA:183,0
DA:184,0
BRDA:184,10,0,-
BRDA:184,10,1,-
DA:185,0
BRDA:185,11,0,-
BRDA:185,11,1,-
DA:186,0
FNF:2
FNH:0
LF:90
LH:0
BRF:17
BRH:0
end_of_record
TN:
SF:script/Smoke.s.sol
DA:51,0
FN:51,Smoke._movePriceTo
FNDA:0,Smoke._movePriceTo
DA:52,0
DA:53,0
BRDA:53,0,0,-
BRDA:53,0,1,-
DA:54,0
BRDA:54,1,0,-
BRDA:54,1,1,-
DA:56,0
DA:57,0
DA:58,0
DA:59,0
DA:60,0
BRDA:60,2,0,-
DA:61,0
DA:62,0
BRDA:62,3,0,-
BRDA:62,3,1,-
DA:63,0
DA:64,0
BRDA:64,4,0,-
DA:66,0
DA:67,0
BRDA:67,5,0,-
DA:70,0
DA:71,0
DA:72,0
DA:73,0
DA:74,0
BRDA:74,6,0,-
BRDA:74,6,1,-
DA:78,0
FN:78,Smoke.run
FNDA:0,Smoke.run
DA:79,0
DA:80,0
DA:81,0
DA:82,0
DA:87,0
FN:87,Smoke._plan
FNDA:0,Smoke._plan
DA:88,0
DA:89,0
DA:90,0
DA:91,0
DA:92,0
BRDA:92,7,0,-
BRDA:92,7,1,-
DA:94,0
DA:95,0
DA:96,0
DA:97,0
DA:99,0
DA:100,0
DA:101,0
DA:102,0
DA:104,0
DA:105,0
DA:106,0
DA:107,0
BRDA:107,8,0,-
BRDA:107,8,1,-
DA:109,0
DA:110,0
DA:111,0
DA:112,0
DA:113,0
BRDA:113,9,0,-
BRDA:113,9,1,-
DA:115,0
DA:116,0
BRDA:116,10,0,-
BRDA:116,10,1,-
DA:123,0
BRDA:123,11,0,-
BRDA:123,11,1,-
DA:129,0
DA:130,0
DA:132,0
DA:133,0
DA:134,0
DA:135,0
DA:136,0
DA:137,0
DA:138,0
DA:139,0
DA:140,0
DA:141,0
DA:142,0
DA:143,0
DA:148,0
FN:148,Smoke._fundBorrower
FNDA:0,Smoke._fundBorrower
DA:149,0
DA:150,0
BRDA:150,12,0,-
BRDA:150,12,1,-
DA:151,0
BRDA:151,13,0,-
BRDA:151,13,1,-
DA:152,0
DA:154,0
DA:155,0
DA:156,0
DA:161,0
FN:161,Smoke._borrowerLifecycle
FNDA:0,Smoke._borrowerLifecycle
DA:162,0
DA:163,0
BRDA:163,14,0,-
BRDA:163,14,1,-
DA:164,0
BRDA:164,15,0,-
BRDA:164,15,1,-
DA:166,0
DA:167,0
DA:168,0
DA:169,0
DA:170,0
DA:173,0
DA:174,0
DA:175,0
DA:177,0
DA:178,0
DA:179,0
DA:180,0
DA:181,0
DA:182,0
DA:183,0
DA:188,0
FN:188,Smoke._liquidate
FNDA:0,Smoke._liquidate
DA:189,0
DA:190,0
BRDA:190,16,0,-
BRDA:190,16,1,-
DA:191,0
BRDA:191,17,0,-
BRDA:191,17,1,-
DA:196,0
DA:197,0
DA:198,0
DA:199,0
BRDA:199,18,0,-
BRDA:199,18,1,-
DA:201,0
DA:202,0
DA:203,0
BRDA:203,19,0,-
BRDA:203,19,1,-
DA:204,0
DA:205,0
DA:206,0
DA:208,0
DA:209,0
DA:210,0
DA:211,0
DA:212,0
DA:213,0
DA:214,0
DA:215,0
DA:216,0
DA:217,0
FNF:6
FNH:0
LF:116
LH:0
BRF:37
BRH:0
end_of_record
TN:
SF:src/Guardable.sol
DA:30,4
FN:30,Guardable.isPaused
FNDA:4,Guardable.isPaused
DA:31,4155
DA:34,64
FN:34,Guardable._setGuardian
FNDA:64,Guardable._setGuardian
DA:35,64
DA:36,64
DA:39,33
FN:39,Guardable._pause
FNDA:33,Guardable._pause
DA:40,33
BRDA:40,0,0,1
BRDA:40,0,1,32
DA:41,32
DA:42,32
DA:45,15
FN:45,Guardable._unpause
FNDA:15,Guardable._unpause
DA:46,15
BRDA:46,1,0,1
BRDA:46,1,1,14
DA:47,14
DA:48,14
FNF:4
FNH:4
LF:13
LH:13
BRF:4
BRH:4
end_of_record
TN:
SF:src/MockAggregatorV3.sol
DA:27,52
FN:27,MockAggregatorV3.constructor
FNDA:52,MockAggregatorV3.constructor
DA:28,52
DA:32,0
FN:32,MockAggregatorV3.answer
FNDA:0,MockAggregatorV3.answer
DA:33,0
DA:36,0
FN:36,MockAggregatorV3.updatedAt
FNDA:0,MockAggregatorV3.updatedAt
DA:37,0
DA:40,5
FN:40,MockAggregatorV3.setReverting
FNDA:5,MockAggregatorV3.setReverting
DA:41,5
DA:44,1
FN:44,MockAggregatorV3.setRevertingHistory
FNDA:1,MockAggregatorV3.setRevertingHistory
DA:45,1
DA:49,42
FN:49,MockAggregatorV3.setAnswer
FNDA:42,MockAggregatorV3.setAnswer
DA:50,42
DA:54,2
FN:54,MockAggregatorV3.setAnswerAt
FNDA:2,MockAggregatorV3.setAnswerAt
DA:55,2
DA:59,8
FN:59,MockAggregatorV3.setRound
FNDA:8,MockAggregatorV3.setRound
DA:60,8
DA:64,0
FN:64,MockAggregatorV3.overwriteLatest
FNDA:0,MockAggregatorV3.overwriteLatest
DA:65,0
DA:68,52
FN:68,MockAggregatorV3._push
FNDA:52,MockAggregatorV3._push
DA:69,52
DA:70,52
DA:73,75
FN:73,MockAggregatorV3.latestRoundData
FNDA:75,MockAggregatorV3.latestRoundData
DA:74,8
BRDA:74,0,0,8
DA:75,67
DA:76,67
DA:79,12
FN:79,MockAggregatorV3.getRoundData
FNDA:12,MockAggregatorV3.getRoundData
DA:80,12
BRDA:80,1,0,1
DA:81,11
DA:82,11
FNF:12
FNH:9
LF:29
LH:23
BRF:2
BRH:2
end_of_record
TN:
SF:src/MockERC20.sol
DA:16,408
FN:16,MockERC20.constructor
FNDA:408,MockERC20.constructor
DA:17,408
DA:18,408
DA:19,408
DA:22,7755
FN:22,MockERC20.mint
FNDA:7755,MockERC20.mint
DA:23,7755
DA:24,7755
DA:25,7755
DA:28,828
FN:28,MockERC20.approve
FNDA:828,MockERC20.approve
DA:29,828
DA:30,828
DA:31,828
DA:34,8422
FN:34,MockERC20.transfer
FNDA:8422,MockERC20.transfer
DA:35,8422
DA:38,7678
FN:38,MockERC20.transferFrom
FNDA:7678,MockERC20.transferFrom
DA:39,7678
DA:40,7678
BRDA:40,0,0,1
DA:41,1
BRDA:41,1,0,-
BRDA:41,1,1,1
DA:42,1
DA:44,7678
DA:47,16100
FN:47,MockERC20._move
FNDA:16100,MockERC20._move
DA:48,16100
BRDA:48,2,0,-
BRDA:48,2,1,16100
DA:49,16100
DA:50,16100
DA:51,16100
DA:52,16100
FNF:6
FNH:6
LF:26
LH:26
BRF:5
BRH:3
end_of_record
TN:
SF:src/PartnershipDesk.sol
DA:76,19
FN:76,PartnershipDesk.onlyOwner
FNDA:19,PartnershipDesk.onlyOwner
DA:77,19
BRDA:77,0,0,1
BRDA:77,0,1,14
DA:81,11
FN:81,PartnershipDesk.onlyTimelock
FNDA:11,PartnershipDesk.onlyTimelock
DA:82,11
BRDA:82,1,0,1
BRDA:82,1,1,19
DA:86,11
FN:86,PartnershipDesk.nonReentrant
FNDA:11,PartnershipDesk.nonReentrant
DA:87,11
BRDA:87,2,0,-
BRDA:87,2,1,14
DA:88,11
DA:90,10
DA:93,56
FN:93,PartnershipDesk.constructor
FNDA:56,PartnershipDesk.constructor
DA:94,56
DA:95,56
DA:98,19
FN:98,PartnershipDesk.setOwner
FNDA:19,PartnershipDesk.setOwner
DA:99,19
BRDA:99,3,0,-
BRDA:99,3,1,19
DA:100,19
DA:101,19
DA:106,20
FN:106,PartnershipDesk.setTimelock
FNDA:20,PartnershipDesk.setTimelock
DA:107,19
DA:108,19
DA:112,24
FN:112,PartnershipDesk.setGuardian
FNDA:24,PartnershipDesk.setGuardian
DA:113,24
DA:117,5
FN:117,PartnershipDesk.pause
FNDA:5,PartnershipDesk.pause
DA:118,5
BRDA:118,4,0,1
BRDA:118,4,1,4
DA:119,4
DA:123,3
FN:123,PartnershipDesk.unpause
FNDA:3,PartnershipDesk.unpause
DA:124,1
DA:127,11
FN:127,PartnershipDesk.setAuditor
FNDA:11,PartnershipDesk.setAuditor
DA:128,9
DA:129,9
DA:132,4
FN:132,PartnershipDesk.approveSettlement
FNDA:4,PartnershipDesk.approveSettlement
DA:133,4
BRDA:133,5,0,1
BRDA:133,5,1,3
DA:134,3
BRDA:134,6,0,-
BRDA:134,6,1,3
DA:135,3
DA:136,3
DA:139,22
FN:139,PartnershipDesk.createPartnership
FNDA:22,PartnershipDesk.createPartnership
DA:146,22
BRDA:146,7,0,-
BRDA:146,7,1,22
DA:147,22
BRDA:147,8,0,-
BRDA:147,8,1,22
DA:148,22
BRDA:148,9,0,-
BRDA:148,9,1,22
DA:151,22
BRDA:151,10,0,1
BRDA:151,10,1,21
DA:152,21
DA:153,21
DA:164,21
DA:167,37
FN:167,PartnershipDesk.fund
FNDA:37,PartnershipDesk.fund
DA:168,37
BRDA:168,11,0,1
BRDA:168,11,1,36
DA:169,36
DA:170,36
BRDA:170,12,0,-
BRDA:170,12,1,36
DA:171,36
BRDA:171,13,0,2
BRDA:171,13,1,34
DA:172,34
BRDA:172,14,0,1
BRDA:172,14,1,33
DA:173,33
DA:174,33
DA:175,33
BRDA:175,15,0,-
BRDA:175,15,1,33
DA:176,33
DA:179,15
FN:179,PartnershipDesk.activate
FNDA:15,PartnershipDesk.activate
DA:180,14
DA:181,14
BRDA:181,16,0,1
BRDA:181,16,1,13
DA:182,13
BRDA:182,17,0,-
BRDA:182,17,1,13
DA:183,13
DA:184,13
BRDA:184,18,0,-
BRDA:184,18,1,13
DA:185,13
DA:188,3
FN:188,PartnershipDesk.cancel
FNDA:3,PartnershipDesk.cancel
DA:189,2
DA:190,2
BRDA:190,19,0,-
BRDA:190,19,1,2
DA:191,2
DA:192,2
DA:205,9
FN:205,PartnershipDesk.cancelUnactivated
FNDA:9,PartnershipDesk.cancelUnactivated
DA:206,9
DA:209,9
BRDA:209,20,0,1
BRDA:209,20,1,8
DA:210,8
BRDA:210,21,0,2
BRDA:210,21,1,6
DA:211,6
BRDA:211,22,0,1
BRDA:211,22,1,5
DA:212,5
DA:213,5
DA:216,11
FN:216,PartnershipDesk.reportReturn
FNDA:11,PartnershipDesk.reportReturn
DA:217,11
DA:220,11
BRDA:220,23,0,-
BRDA:220,23,1,11
DA:224,11
BRDA:224,24,0,1
BRDA:224,24,1,10
DA:225,10
BRDA:225,25,0,-
BRDA:225,25,1,10
DA:226,10
DA:227,10
BRDA:227,26,0,-
BRDA:227,26,1,10
DA:228,10
DA:231,9
FN:231,PartnershipDesk.settle
FNDA:9,PartnershipDesk.settle
DA:232,9
DA:233,9
BRDA:233,27,0,-
BRDA:233,27,1,9
DA:234,9
BRDA:234,28,0,5
DA:235,5
BRDA:235,29,0,2
BRDA:235,29,1,3
DA:237,7
DA:238,7
DA:247,7
FN:247,PartnershipDesk.declareDefault
FNDA:7,PartnershipDesk.declareDefault
DA:248,7
DA:249,7
BRDA:249,30,0,2
BRDA:249,30,1,5
DA:250,5
BRDA:250,31,0,2
BRDA:250,31,1,3
DA:252,3
BRDA:252,32,0,-
BRDA:252,32,1,3
DA:253,3
DA:254,3
DA:257,2
FN:257,PartnershipDesk.profitOf
FNDA:2,PartnershipDesk.profitOf
DA:258,20
DA:259,20
DA:262,3
FN:262,PartnershipDesk.operatorShareOf
FNDA:3,PartnershipDesk.operatorShareOf
DA:263,18
DA:264,18
DA:267,10
FN:267,PartnershipDesk.funderPayoutOf
FNDA:10,PartnershipDesk.funderPayoutOf
DA:268,29
DA:269,29
DA:270,29
DA:271,27
DA:272,20
DA:273,20
BRDA:273,36,0,6
DA:275,6
DA:277,14
DA:278,12
DA:279,12
DA:282,19
FN:282,PartnershipDesk.claim
FNDA:19,PartnershipDesk.claim
DA:283,19
DA:284,19
DA:285,19
BRDA:285,38,0,2
BRDA:285,38,1,17
DA:289,17
BRDA:289,39,0,2
BRDA:289,39,1,15
DA:292,15
BRDA:292,40,0,14
DA:293,14
DA:294,14
BRDA:294,41,0,-
BRDA:294,41,1,14
DA:296,15
DA:299,4
FN:299,PartnershipDesk.claimOperator
FNDA:4,PartnershipDesk.claimOperator
DA:300,4
DA:301,4
BRDA:301,42,0,1
BRDA:301,42,1,3
DA:302,3
BRDA:302,43,0,-
BRDA:302,43,1,3
DA:303,3
BRDA:303,44,0,-
BRDA:303,44,1,3
DA:304,3
DA:305,3
DA:306,3
BRDA:306,45,0,3
DA:307,3
BRDA:307,46,0,-
BRDA:307,46,1,3
DA:309,3
FNF:24
FNH:24
LF:128
LH:128
BRF:82
BRH:62
end_of_record
TN:
SF:src/PassportRegistry.sol
DA:51,4
FN:51,PassportRegistry.onlyOwner
FNDA:4,PassportRegistry.onlyOwner
DA:52,4
BRDA:52,0,0,2
BRDA:52,0,1,18
DA:56,5
FN:56,PassportRegistry.onlyAttester
FNDA:5,PassportRegistry.onlyAttester
DA:57,5
BRDA:57,1,0,1
BRDA:57,1,1,2
DA:61,24
FN:61,PassportRegistry.constructor
FNDA:24,PassportRegistry.constructor
DA:62,24
DA:65,4
FN:65,PassportRegistry.setOwner
FNDA:4,PassportRegistry.setOwner
DA:66,3
BRDA:66,2,0,1
BRDA:66,2,1,2
DA:67,2
DA:68,2
DA:71,20
FN:71,PassportRegistry.setAttester
FNDA:20,PassportRegistry.setAttester
DA:72,18
DA:73,18
DA:78,7
FN:78,PassportRegistry._requireSingleCheck
FNDA:7,PassportRegistry._requireSingleCheck
DA:79,7
BRDA:79,3,0,3
BRDA:79,3,1,4
DA:84,21
FN:84,PassportRegistry.attest
FNDA:21,PassportRegistry.attest
DA:85,18
BRDA:85,4,0,2
BRDA:85,4,1,16
DA:86,16
DA:87,16
DA:88,16
DA:89,16
DA:90,80
DA:92,16
DA:98,6
FN:98,PassportRegistry.attestCheck
FNDA:6,PassportRegistry.attestCheck
DA:99,5
DA:100,3
DA:101,3
DA:102,3
DA:103,3
DA:104,3
DA:111,3
FN:111,PassportRegistry.revokeCheck
FNDA:3,PassportRegistry.revokeCheck
DA:112,2
DA:113,1
DA:114,1
DA:115,1
DA:116,1
DA:117,1
DA:122,5
FN:122,PassportRegistry.revoke
FNDA:5,PassportRegistry.revoke
DA:123,4
DA:124,4
DA:125,20
DA:127,4
DA:130,4
FN:130,PassportRegistry._earliestExpiry
FNDA:4,PassportRegistry._earliestExpiry
DA:131,4
DA:132,20
DA:133,19
DA:134,19
DA:135,15
BRDA:135,7,0,6
DA:140,3
FN:140,PassportRegistry.checkMaskOf
FNDA:3,PassportRegistry.checkMaskOf
DA:141,3
DA:142,3
DA:146,4
FN:146,PassportRegistry.hasCheck
FNDA:4,PassportRegistry.hasCheck
DA:147,4
DA:148,3
DA:149,3
DA:155,30
FN:155,PassportRegistry.isEligible
FNDA:30,PassportRegistry.isEligible
DA:156,30
DA:157,14
DA:158,62
DA:159,62
DA:161,11
FNF:14
FNH:14
LF:61
LH:61
BRF:11
BRH:11
end_of_record
TN:
SF:src/SafixPool.sol
DA:214,19
FN:214,SafixPool.onlyOwner
FNDA:19,SafixPool.onlyOwner
DA:215,19
BRDA:215,0,0,1
BRDA:215,0,1,9
DA:222,1822
FN:222,SafixPool.onlyTimelock
FNDA:1822,SafixPool.onlyTimelock
DA:223,1822
BRDA:223,1,0,2
BRDA:223,1,1,13
DA:227,1820
FN:227,SafixPool.nonReentrant
FNDA:1820,SafixPool.nonReentrant
DA:228,1820
BRDA:228,2,0,-
BRDA:228,2,1,8
DA:229,1820
DA:231,1819
DA:234,172
FN:234,SafixPool.constructor
FNDA:172,SafixPool.constructor
DA:235,172
DA:236,172
DA:239,19
FN:239,SafixPool.setOwner
FNDA:19,SafixPool.setOwner
DA:240,19
BRDA:240,3,0,-
BRDA:240,3,1,19
DA:241,19
DA:242,19
DA:247,23
FN:247,SafixPool.setTimelock
FNDA:23,SafixPool.setTimelock
DA:248,21
DA:249,21
DA:254,42
FN:254,SafixPool.setGuardian
FNDA:42,SafixPool.setGuardian
DA:255,40
DA:260,31
FN:260,SafixPool.pause
FNDA:31,SafixPool.pause
DA:261,31
BRDA:261,4,0,2
BRDA:261,4,1,29
DA:262,29
DA:267,16
FN:267,SafixPool.unpause
FNDA:16,SafixPool.unpause
DA:268,14
DA:271,11
FN:271,SafixPool.setFees
FNDA:11,SafixPool.setFees
DA:272,8
BRDA:272,5,0,1
BRDA:272,5,1,7
DA:273,7
DA:274,7
DA:275,7
DA:278,11
FN:278,SafixPool.setPriceUpdater
FNDA:11,SafixPool.setPriceUpdater
DA:279,11
DA:280,11
DA:283,14
FN:283,SafixPool.setPassportRegistry
FNDA:14,SafixPool.setPassportRegistry
DA:284,14
DA:285,14
DA:288,3
FN:288,SafixPool.setLiquidationIncentive
FNDA:3,SafixPool.setLiquidationIncentive
DA:289,2
BRDA:289,6,0,1
BRDA:289,6,1,1
DA:290,1
DA:291,1
DA:296,10
FN:296,SafixPool.setSequencerUptimeFeed
FNDA:10,SafixPool.setSequencerUptimeFeed
DA:297,9
DA:298,9
DA:299,9
DA:305,15
FN:305,SafixPool.setPriceGuard
FNDA:15,SafixPool.setPriceGuard
DA:312,13
BRDA:312,7,0,-
BRDA:312,7,1,13
DA:313,13
BRDA:313,8,0,1
BRDA:313,8,1,12
DA:314,12
DA:320,12
DA:323,225
FN:323,SafixPool.configureAsset
FNDA:225,SafixPool.configureAsset
DA:329,222
BRDA:329,9,0,-
BRDA:329,9,1,222
DA:330,222
DA:331,222
BRDA:331,10,0,220
DA:334,222
DA:335,222
DA:336,222
DA:337,222
DA:338,222
DA:339,222
DA:345,14
FN:345,SafixPool.setReserveFeeShare
FNDA:14,SafixPool.setReserveFeeShare
DA:346,12
BRDA:346,11,0,1
BRDA:346,11,1,11
DA:347,11
DA:348,11
DA:354,2057
FN:354,SafixPool.fundReserve
FNDA:2057,SafixPool.fundReserve
DA:355,2057
BRDA:355,12,0,-
BRDA:355,12,1,2057
DA:356,2057
DA:357,2057
BRDA:357,13,0,-
BRDA:357,13,1,2057
DA:358,2057
DA:366,1822
FN:366,SafixPool.withdrawReserve
FNDA:1822,SafixPool.withdrawReserve
DA:367,1820
BRDA:367,14,0,1
BRDA:367,14,1,1819
DA:368,1819
DA:369,1819
BRDA:369,15,0,-
BRDA:369,15,1,1819
DA:370,1819
DA:377,15
FN:377,SafixPool.setAssetCaps
FNDA:15,SafixPool.setAssetCaps
DA:378,13
BRDA:378,16,0,1
BRDA:378,16,1,12
DA:379,12
DA:380,12
DA:381,12
DA:386,40
FN:386,SafixPool.setRiskLimits
FNDA:40,SafixPool.setRiskLimits
DA:390,38
DA:391,38
DA:392,38
DA:393,38
DA:400,6
FN:400,SafixPool.assetDebtHeadroom
FNDA:6,SafixPool.assetDebtHeadroom
DA:401,1703
DA:402,1703
DA:403,19
DA:404,19
DA:408,3
FN:408,SafixPool.assetCollateralHeadroom
FNDA:3,SafixPool.assetCollateralHeadroom
DA:409,2302
DA:410,2302
DA:411,9
DA:412,9
DA:416,4
FN:416,SafixPool.globalDebtHeadroom
FNDA:4,SafixPool.globalDebtHeadroom
DA:417,1695
DA:418,10
DA:422,2145
FN:422,SafixPool.drawableLiquidity
FNDA:2145,SafixPool.drawableLiquidity
DA:423,3833
DA:424,3833
DA:425,3
DA:431,2135
FN:431,SafixPool.setPrice
FNDA:2135,SafixPool.setPrice
DA:432,2135
BRDA:432,21,0,2
BRDA:432,21,1,2133
DA:433,2133
BRDA:433,22,0,-
BRDA:433,22,1,2133
DA:434,2133
DA:435,2133
BRDA:435,23,0,4
BRDA:435,24,0,1
BRDA:435,24,1,3
DA:436,2132
BRDA:436,25,0,3
BRDA:436,26,0,1
BRDA:436,26,1,2
DA:437,2131
DA:438,2131
BRDA:438,27,0,2
DA:439,2
DA:440,2
BRDA:440,28,0,1
BRDA:440,28,1,1
DA:442,2130
DA:443,2130
DA:444,2130
DA:447,32
FN:447,SafixPool.setPriceFeed
FNDA:32,SafixPool.setPriceFeed
DA:448,31
BRDA:448,29,0,-
BRDA:448,29,1,31
DA:449,31
BRDA:449,30,0,30
BRDA:449,30,1,29
DA:450,30
DA:451,30
BRDA:451,31,0,1
BRDA:451,31,1,29
DA:452,29
DA:454,1
DA:456,30
DA:457,30
DA:462,6024
FN:462,SafixPool._readPrice
FNDA:6024,SafixPool._readPrice
DA:467,6024
DA:468,6024
BRDA:468,32,0,5970
DA:469,5970
DA:470,5970
DA:472,54
BRDA:472,33,0,54
DA:475,48
DA:476,46
DA:477,6
BRDA:477,33,1,6
DA:478,6
DA:484,3369
FN:484,SafixPool._sequencerStatus
FNDA:3369,SafixPool._sequencerStatus
DA:485,3369
DA:486,3369
DA:487,21
BRDA:487,36,0,21
DA:490,19
DA:491,11
DA:492,6
DA:493,2
BRDA:493,36,1,2
DA:494,2
DA:500,3335
FN:500,SafixPool._deviationExceeded
FNDA:3335,SafixPool._deviationExceeded
DA:505,3335
DA:506,12
DA:507,12
DA:508,12
BRDA:508,41,0,12
DA:511,11
DA:512,11
DA:513,11
DA:514,11
DA:515,1
BRDA:515,41,1,1
DA:517,1
DA:523,27
FN:523,SafixPool.priceStatus
FNDA:27,SafixPool.priceStatus
DA:528,3370
DA:530,3369
DA:531,3369
DA:533,3354
DA:534,3354
DA:536,3346
DA:537,3346
DA:538,3342
DA:539,3340
DA:540,3339
BRDA:540,49,0,4
DA:541,4
DA:543,3335
BRDA:543,50,0,5
DA:544,5
DA:546,3330
DA:550,517
FN:550,SafixPool.currentPrice
FNDA:517,SafixPool.currentPrice
DA:551,2670
DA:552,2670
BRDA:552,51,0,-
BRDA:552,51,1,2670
DA:553,2670
DA:557,2278
FN:557,SafixPool._requireUsablePrice
FNDA:2278,SafixPool._requireUsablePrice
DA:558,2278
DA:559,2278
DA:560,2278
DA:561,18
BRDA:561,53,0,4
DA:562,14
BRDA:562,54,0,2
DA:563,12
BRDA:563,55,0,4
DA:564,8
BRDA:564,56,0,3
DA:565,5
BRDA:565,57,0,2
DA:566,3
BRDA:566,58,0,1
DA:567,2
BRDA:567,59,0,2
DA:568,0
DA:571,2169
FN:571,SafixPool.collectProtocolFees
FNDA:2169,SafixPool.collectProtocolFees
DA:572,2167
DA:573,2167
DA:574,2167
BRDA:574,60,0,-
BRDA:574,60,1,2167
DA:575,2167
DA:578,3
FN:578,SafixPool.assetCount
FNDA:3,SafixPool.assetCount
DA:579,3
DA:582,2153
FN:582,SafixPool.collateralValueStable
FNDA:2153,SafixPool.collateralValueStable
DA:583,2153
DA:584,2153
DA:587,2199
FN:587,SafixPool.compoundedDepositOf
FNDA:2199,SafixPool.compoundedDepositOf
DA:588,7329
DA:589,7329
DA:590,3974
DA:591,3974
DA:592,7
DA:593,1
DA:596,5187
FN:596,SafixPool._gainSince
FNDA:5187,SafixPool._gainSince
DA:597,5187
DA:598,2938
DA:599,2938
DA:600,2938
DA:601,2938
DA:604,7
FN:604,SafixPool.gainOf
FNDA:7,SafixPool.gainOf
DA:605,7
DA:606,7
DA:611,3033
FN:611,SafixPool.availableLiquidity
FNDA:3033,SafixPool.availableLiquidity
DA:612,7903
DA:613,7903
DA:614,7903
DA:617,5130
FN:617,SafixPool._realize
FNDA:5130,SafixPool._realize
DA:618,5130
DA:619,5130
DA:620,5130
DA:621,5130
DA:622,5180
DA:623,5180
DA:624,5180
BRDA:624,65,0,61
DA:625,5180
DA:627,5130
DA:628,5130
DA:629,5130
DA:632,2278
FN:632,SafixPool.deposit
FNDA:2278,SafixPool.deposit
DA:633,2278
BRDA:633,66,0,5
BRDA:633,66,1,2273
DA:634,2273
BRDA:634,67,0,-
BRDA:634,67,1,2273
DA:635,2273
DA:636,2273
DA:637,2273
DA:638,2273
DA:639,2273
BRDA:639,68,0,-
BRDA:639,68,1,2273
DA:640,2273
DA:643,1037
FN:643,SafixPool.withdraw
FNDA:1037,SafixPool.withdraw
DA:644,1037
DA:645,1037
DA:646,1037
BRDA:646,69,0,-
BRDA:646,69,1,1037
DA:647,1037
BRDA:647,70,0,-
BRDA:647,70,1,1037
DA:648,1037
DA:649,1037
DA:650,1037
BRDA:650,71,0,-
BRDA:650,71,1,1037
DA:651,1037
DA:654,1820
FN:654,SafixPool.claimGains
FNDA:1820,SafixPool.claimGains
DA:655,1820
DA:656,1820
DA:657,1820
DA:658,1820
DA:659,26
DA:660,26
BRDA:660,73,0,-
BRDA:660,73,1,26
DA:661,26
DA:665,2299
FN:665,SafixPool.lockCollateral
FNDA:2299,SafixPool.lockCollateral
DA:666,2299
BRDA:666,74,0,-
BRDA:666,74,1,2299
DA:667,2299
BRDA:667,75,0,-
BRDA:667,75,1,2299
DA:668,2299
BRDA:668,76,0,2
BRDA:668,76,1,2297
DA:669,2297
DA:670,2297
DA:671,2297
BRDA:671,77,0,-
BRDA:671,77,1,2297
DA:672,2297
DA:675,734
FN:675,SafixPool.withdrawCollateral
FNDA:734,SafixPool.withdrawCollateral
DA:676,734
DA:677,734
BRDA:677,78,0,-
BRDA:677,78,1,734
DA:678,734
DA:682,734
BRDA:682,79,0,448
DA:683,448
BRDA:683,80,0,1
BRDA:683,80,1,447
DA:687,733
BRDA:687,81,0,447
DA:688,447
DA:689,446
DA:690,446
BRDA:690,82,0,1
BRDA:690,82,1,445
DA:695,731
DA:696,731
DA:697,731
BRDA:697,83,0,-
BRDA:697,83,1,731
DA:698,731
DA:701,1723
FN:701,SafixPool.draw
FNDA:1723,SafixPool.draw
DA:702,1723
BRDA:702,84,0,7
BRDA:702,84,1,1716
DA:703,1716
DA:704,1716
BRDA:704,85,0,-
BRDA:704,85,1,1716
DA:705,1716
BRDA:705,86,0,-
BRDA:705,86,1,1716
DA:706,1716
DA:707,1704
BRDA:707,87,0,10
DA:708,10
BRDA:708,88,0,6
BRDA:708,88,1,4
DA:710,1698
DA:711,1698
DA:712,1698
DA:713,1698
DA:714,1698
BRDA:714,89,0,1
BRDA:714,89,1,1697
DA:717,1697
DA:718,1697
BRDA:718,90,0,6
BRDA:718,90,1,1691
DA:719,1691
BRDA:719,91,0,2
BRDA:719,91,1,1689
DA:720,1689
BRDA:720,92,0,1
BRDA:720,92,1,1688
DA:724,1688
BRDA:724,93,0,1
BRDA:724,93,1,1687
DA:726,1687
DA:727,1687
DA:728,1687
DA:729,1687
DA:731,1687
DA:732,1687
DA:733,1687
DA:734,1687
BRDA:734,94,0,-
BRDA:734,94,1,1687
DA:735,1687
DA:739,1339
FN:739,SafixPool._redemptionFee
FNDA:1339,SafixPool._redemptionFee
DA:740,1339
DA:746,485
FN:746,SafixPool.repay
FNDA:485,SafixPool.repay
DA:747,485
DA:748,485
BRDA:748,95,0,1
BRDA:748,95,1,484
DA:749,484
DA:758,484
BRDA:758,96,0,44
DA:759,44
DA:760,44
BRDA:760,97,0,2
BRDA:760,97,1,42
DA:764,42
DA:765,42
DA:770,482
DA:771,482
DA:772,482
DA:773,482
DA:774,482
DA:775,482
DA:776,482
DA:777,482
BRDA:777,98,0,-
BRDA:777,98,1,482
DA:778,482
DA:779,482
BRDA:779,99,0,480
DA:787,3
FN:787,SafixPool.repaymentOwed
FNDA:3,SafixPool.repaymentOwed
DA:792,3
DA:793,3
BRDA:793,100,0,1
BRDA:793,100,1,2
DA:794,2
DA:795,2
DA:796,2
BRDA:796,101,0,1
DA:797,2
DA:800,811
FN:800,SafixPool.closePosition
FNDA:811,SafixPool.closePosition
DA:801,811
DA:802,811
BRDA:802,102,0,-
BRDA:802,102,1,811
DA:804,811
DA:805,811
DA:806,811
DA:807,811
DA:808,811
DA:809,811
DA:810,811
DA:811,811
DA:812,811
DA:813,811
DA:814,811
BRDA:814,103,0,526
DA:815,526
BRDA:815,104,0,-
BRDA:815,104,1,526
DA:817,811
BRDA:817,105,0,811
DA:818,811
BRDA:818,106,0,-
BRDA:818,106,1,811
DA:820,811
DA:839,9
FN:839,SafixPool.absorbBadDebt
FNDA:9,SafixPool.absorbBadDebt
DA:840,8
BRDA:840,107,0,1
BRDA:840,107,1,7
DA:841,7
DA:842,7
BRDA:842,108,0,1
BRDA:842,108,1,6
DA:844,6
DA:845,6
DA:846,6
DA:847,6
DA:848,6
BRDA:848,109,0,1
BRDA:848,109,1,5
DA:850,5
DA:851,5
DA:852,5
DA:853,5
DA:854,5
DA:855,5
DA:857,5
DA:858,5
DA:860,5
DA:880,107
FN:880,SafixPool._distributeToProviders
FNDA:107,SafixPool._distributeToProviders
DA:881,107
BRDA:881,110,0,2
BRDA:881,110,1,105
DA:883,105
BRDA:883,111,0,105
DA:884,105
DA:886,105
DA:887,111
DA:888,6
DA:889,6
DA:891,105
DA:892,105
DA:899,107
FN:899,SafixPool._settleShortfall
FNDA:107,SafixPool._settleShortfall
DA:903,107
DA:905,59
DA:906,59
DA:907,59
DA:909,59
DA:910,59
DA:911,59
DA:915,59
DA:918,4237
FN:918,SafixPool.isLiquidatable
FNDA:4237,SafixPool.isLiquidatable
DA:919,4347
DA:920,4347
DA:921,1065
DA:922,1065
DA:923,1060
DA:924,1060
DA:927,113
FN:927,SafixPool.liquidate
FNDA:113,SafixPool.liquidate
DA:928,113
BRDA:928,115,0,5
BRDA:928,115,1,108
DA:930,108
DA:931,103
BRDA:931,116,0,1
BRDA:931,116,1,102
DA:932,102
DA:933,102
DA:937,102
BRDA:937,117,0,8
DA:938,102
BRDA:938,118,0,-
BRDA:938,118,1,102
DA:939,102
DA:944,102
DA:945,102
DA:946,102
DA:947,102
DA:948,102
DA:949,102
DA:950,102
DA:951,102
DA:952,102
DA:957,102
DA:958,102
DA:960,102
DA:961,100
BRDA:961,119,0,100
DA:962,100
BRDA:962,120,0,-
BRDA:962,120,1,100
DA:964,100
FNF:56
FNH:56
LF:414
LH:413
BRF:164
BRH:133
end_of_record
TN:
SF:src/SafixTimelock.sol
DA:39,18
FN:39,SafixTimelock.onlyAdmin
FNDA:18,SafixTimelock.onlyAdmin
DA:40,18
BRDA:40,0,0,1
BRDA:40,0,1,16
DA:45,2
FN:45,SafixTimelock.onlySelf
FNDA:2,SafixTimelock.onlySelf
DA:46,2
BRDA:46,1,0,1
BRDA:46,1,1,2
DA:50,21
FN:50,SafixTimelock.constructor
FNDA:21,SafixTimelock.constructor
DA:51,21
BRDA:51,2,0,-
BRDA:51,2,1,21
DA:52,21
BRDA:52,3,0,1
BRDA:52,3,1,20
DA:53,20
DA:54,20
DA:55,20
DA:56,20
DA:61,0
FN:61,SafixTimelock.operationId
FNDA:0,SafixTimelock.operationId
DA:62,34
DA:65,4
FN:65,SafixTimelock.isReady
FNDA:4,SafixTimelock.isReady
DA:66,4
DA:67,4
DA:68,4
DA:73,18
FN:73,SafixTimelock.queue
FNDA:18,SafixTimelock.queue
DA:74,17
BRDA:74,5,0,-
BRDA:74,5,1,17
DA:75,17
DA:76,17
BRDA:76,6,0,1
BRDA:76,6,1,16
DA:77,16
DA:78,16
DA:82,17
FN:82,SafixTimelock.execute
FNDA:17,SafixTimelock.execute
DA:83,16
DA:84,16
DA:85,16
BRDA:85,7,0,1
BRDA:85,7,1,15
DA:86,15
BRDA:86,8,0,2
BRDA:86,8,1,13
DA:87,13
BRDA:87,9,0,1
BRDA:87,9,1,12
DA:89,12
DA:90,12
DA:91,12
BRDA:91,10,0,2
DA:94,2
DA:97,10
DA:98,10
DA:103,2
FN:103,SafixTimelock.cancel
FNDA:2,SafixTimelock.cancel
DA:104,1
DA:105,1
BRDA:105,11,0,-
BRDA:105,11,1,1
DA:106,1
DA:107,1
DA:112,3
FN:112,SafixTimelock.setDelay
FNDA:3,SafixTimelock.setDelay
DA:113,2
BRDA:113,12,0,1
BRDA:113,12,1,1
DA:114,1
DA:115,1
DA:120,2
FN:120,SafixTimelock.setAdmin
FNDA:2,SafixTimelock.setAdmin
DA:121,1
BRDA:121,13,0,-
BRDA:121,13,1,1
DA:122,1
DA:123,1
FNF:10
FNH:9
LF:48
LH:47
BRF:25
BRH:21
end_of_record
TN:
SF:test/PoolInvariants.t.sol
DA:40,8
FN:40,PoolHandler.constructor
FNDA:8,PoolHandler.constructor
DA:41,8
DA:42,8
DA:43,8
DA:44,8
DA:45,8
DA:46,8
DA:47,8
DA:48,24
DA:49,24
DA:50,24
DA:51,24
DA:52,24
DA:53,24
DA:54,24
DA:55,24
DA:57,8
DA:58,8
DA:65,2087
FN:65,PoolHandler.deposit
FNDA:2087,PoolHandler.deposit
DA:66,2087
DA:67,2087
DA:68,2087
DA:69,2087
DA:70,2087
DA:73,2170
FN:73,PoolHandler.withdraw
FNDA:2170,PoolHandler.withdraw
DA:74,2170
DA:75,2170
DA:76,2170
DA:77,2170
DA:78,1017
DA:79,1017
DA:80,1017
DA:83,1806
FN:83,PoolHandler.claim
FNDA:1806,PoolHandler.claim
DA:84,1806
DA:85,1806
DA:86,1806
DA:87,1806
DA:88,1806
DA:95,2144
FN:95,PoolHandler.lockAndDraw
FNDA:2144,PoolHandler.lockAndDraw
DA:96,2144
DA:97,2144
DA:98,2144
DA:99,2144
DA:100,2144
DA:102,2144
DA:103,2144
DA:104,2144
DA:105,2144
DA:106,2144
DA:107,2144
DA:109,2144
DA:110,2144
BRDA:110,1,0,543
DA:113,2144
DA:114,2144
DA:115,2144
BRDA:115,2,0,-
DA:116,2144
BRDA:116,3,0,1563
DA:117,1563
DA:119,2144
DA:125,2226
FN:125,PoolHandler.repay
FNDA:2226,PoolHandler.repay
DA:126,2226
DA:127,2226
DA:128,2226
DA:129,443
DA:130,443
DA:131,443
DA:132,443
BRDA:132,5,0,358
DA:133,443
DA:134,443
DA:139,2045
FN:139,PoolHandler.withdrawCollateral
FNDA:2045,PoolHandler.withdrawCollateral
DA:140,2045
DA:141,2045
DA:142,2045
DA:143,743
DA:144,743
BRDA:144,7,0,461
DA:145,461
DA:147,461
DA:148,461
DA:149,461
BRDA:149,8,0,461
DA:151,743
DA:152,717
DA:153,717
DA:154,717
DA:155,717
DA:158,2107
FN:158,PoolHandler.closePosition
FNDA:2107,PoolHandler.closePosition
DA:159,2107
DA:160,2107
DA:161,2107
DA:162,790
DA:163,790
DA:164,790
BRDA:164,11,0,407
DA:165,790
DA:166,790
DA:169,2038
FN:169,PoolHandler.movePrice
FNDA:2038,PoolHandler.movePrice
DA:170,2038
DA:171,2038
DA:181,2142
FN:181,PoolHandler.liquidate
FNDA:2142,PoolHandler.liquidate
DA:182,2142
DA:183,2142
DA:184,29
DA:185,29
DA:186,29
DA:187,29
DA:188,29
DA:189,29
DA:190,29
DA:191,29
DA:192,29
DA:196,2038
FN:196,PoolHandler.absorbBadDebt
FNDA:2038,PoolHandler.absorbBadDebt
DA:197,2038
DA:198,2038
DA:199,24
DA:200,24
DA:201,24
DA:203,24
DA:204,1
DA:205,1
DA:206,1
DA:207,1
DA:212,30
FN:212,PoolHandler._providerLoss
FNDA:30,PoolHandler._providerLoss
DA:213,30
DA:214,26
DA:215,26
DA:216,26
DA:223,2045
FN:223,PoolHandler.fundReserve
FNDA:2045,PoolHandler.fundReserve
DA:224,2045
DA:225,2045
DA:226,2045
DA:227,2045
DA:228,2045
DA:231,2297
FN:231,PoolHandler.withdrawReserve
FNDA:2297,PoolHandler.withdrawReserve
DA:232,2297
DA:233,2297
DA:234,1816
DA:235,1816
DA:236,1816
DA:237,1816
DA:240,2164
FN:240,PoolHandler.collectProtocolFees
FNDA:2164,PoolHandler.collectProtocolFees
DA:241,2164
DA:242,2164
DA:243,2164
DA:246,0
FN:246,PoolHandler.lpAt
FNDA:0,PoolHandler.lpAt
DA:247,0
DA:250,15
FN:250,PoolHandler.borrowerAt
FNDA:15,PoolHandler.borrowerAt
DA:251,15
FNF:17
FNH:16
LF:144
LH:142
BRF:7
BRH:6
end_of_record
